<?xml version="1.0" encoding="UTF-8"?>
<!-- Generated by org.testng.reporters.JUnitReportReporter -->
<testsuite hostname="MANDIRA-KARKI" failures="0" tests="2" name="Login.NegativeTestCases" time="16.468" errors="0" timestamp="2022-05-03T19:20:42 NPT" skipped="0">
  <testcase classname="Login.NegativeTestCases" name="DataProvSampleTest" time="9.393"/>
  <system-out/>
  <testcase classname="Login.NegativeTestCases" name="DataProvSampleTest" time="7.075"/>
  <system-out/>
</testsuite> <!-- Login.NegativeTestCases -->
