<?xml version="1.0" encoding="UTF-8"?>
<!-- Generated by org.testng.reporters.JUnitReportReporter -->
<testsuite hostname="DESKTOP-BDTEIJR" failures="0" tests="1" name="Login.Assertions" time="10.080" errors="0" timestamp="2021-11-29T20:37:07 NPT" skipped="0">
  <testcase classname="Login.Assertions" name="VerifyTitle" time="10.080"/>
  <system-out/>
</testsuite> <!-- Login.Assertions -->
