<?xml version="1.0" encoding="UTF-8"?>
<!-- Generated by org.testng.reporters.JUnitReportReporter -->
<testsuite hostname="MANDIRA-KARKI" failures="0" tests="2" name="Login.NegativeTestCases" time="14.533" errors="0" timestamp="2022-04-22T12:14:27 NPT" skipped="0">
  <testcase classname="Login.NegativeTestCases" name="DataProvSampleTest" time="7.745"/>
  <system-out/>
  <testcase classname="Login.NegativeTestCases" name="DataProvSampleTest" time="6.788"/>
  <system-out/>
</testsuite> <!-- Login.NegativeTestCases -->
