<?xml version="1.0" encoding="UTF-8"?>
<!-- Generated by org.testng.reporters.JUnitReportReporter -->
<testsuite hostname="DESKTOP-BDTEIJR" failures="0" tests="1" name="Login.testing" time="11.762" errors="0" timestamp="2021-12-19T15:44:55 NPT" skipped="0">
  <testcase classname="Login.testing" name="Login" time="11.762"/>
  <system-out/>
</testsuite> <!-- Login.testing -->
