<?xml version="1.0" encoding="UTF-8"?>
<!-- Generated by org.testng.reporters.JUnitReportReporter -->
<testsuite hostname="MANDIRA-KARKI" failures="0" tests="1" name="Login.AdminLogin" time="11.045" errors="0" timestamp="2022-04-22T12:12:52 NPT" skipped="0">
  <testcase classname="Login.AdminLogin" name="Login" time="11.045"/>
  <system-out/>
</testsuite> <!-- Login.AdminLogin -->
