<?xml version="1.0" encoding="UTF-8"?>
<!-- Generated by org.testng.reporters.JUnitReportReporter -->
<testsuite hostname="MANDIRA-KARKI" failures="0" tests="1" name="Login.CreateAdmin" time="10.044" errors="0" timestamp="2022-04-22T12:14:27 NPT" skipped="0">
  <testcase classname="Login.CreateAdmin" name="createadmin" time="10.044"/>
  <system-out/>
</testsuite> <!-- Login.CreateAdmin -->
